<?xml version="1.0" encoding="UTF-8"?>
<!-- Generated by org.testng.reporters.JUnitReportReporter -->
<testsuite skipped="0" hostname="LT0021232" name="com.qa.TestCase.AmazonLoginPageTest" tests="3" failures="0" timestamp="31 Oct 2018 09:34:57 GMT" time="11.202" errors="0">
  <testcase name="AmazonLogoTest" time="0.577" classname="com.qa.TestCase.AmazonLoginPageTest"/>
  <testcase name="ConsumerPortalTittle" time="0.049" classname="com.qa.TestCase.AmazonLoginPageTest"/>
  <testcase name="ConsumerLogoTest" time="10.576" classname="com.qa.TestCase.AmazonLoginPageTest"/>
</testsuite> <!-- com.qa.TestCase.AmazonLoginPageTest -->
