<?xml version="1.0" encoding="UTF-8"?>
<!-- Generated by org.testng.reporters.JUnitReportReporter -->
<testsuite skipped="0" hostname="LT0021232" name="com.qa.TestCase.DashBoardPageTest" tests="2" failures="0" timestamp="31 Oct 2018 09:34:57 GMT" time="13.847" errors="0">
  <testcase name="AmazonSerachPage" time="10.833" classname="com.qa.TestCase.DashBoardPageTest"/>
  <testcase name="ClickonContactPage" time="3.014" classname="com.qa.TestCase.DashBoardPageTest"/>
</testsuite> <!-- com.qa.TestCase.DashBoardPageTest -->
